# keyframe format v1
fps 0
0
24
26
28
30
32
34
36
38
40
42
44
46
48
50
52
54
56
58
60
62
64
66
68
70
72
74
143
239
290
468
591
620
696
744
753
762
840
853
855
857
859
867
897
919
941
987
989
990
993
996
999
1039
1076
1121
1176
1177
1178
1181
1182
1183
1185
1186
1187
1190
1195
1234
1237
1275
1277
1291
1303
1333
1361
1364
1367
1369
1371
1373
1375
1377
1379
1393
1395
1397
1399
1403
1409
1433
1462
1468
1477
1501
1502
1503
1504
1505
1555
1594
1616
1623
1629
1631
1655
1676
1686
1720
1772
1827
1843
1853
1863
1869
1871
1888
1910
1911
1912
1954
1956
1958
1970
1972
1974
2009
2010
2034
2066
2111
2113
2115
2117
2119
2132
2134
2142
2148
2150
2152
2154
2156
2158
2159
2160
2181
2182
2183
2189
2191
2193
2195
2204
2222
2224
2226
2228
2234
2240
2248
2250
2254
2256
2263
2283
2297
2305
2307
2325
2327
2329
2340
2350
2352
2354
2357
2359
2361
2362
2364
2373
2377
2379
2380
2381
2383
2385
2387
2389
2391
2393
2395
2397
2399
2401
2403
2404
2405
2415
2416
2417
2418
2465
2467
2478
2517
2526
2532
2538
2541
2544
2547
2550
2553
2556
2557
2558
2560
2562
2564
2565
2566
2567
2595
2625
2682
2714
2737
2762
2764
2765
2766
2812
2813
2814
2816
2818
2820
2822
2824
2834
2835
2837
2932
2951
2958
2997
3150
3257
3301
3396
3537
3716
3911
3939
3966
4109
4208
4387
4434
4517
4684
4788
4875
4944
4975
5001
5043
5071
5119
5170
5308
5406
5450
5525
5609
5664
5870
6120
6125
6202
6247
6248
6365
6391
6415
6427
6595
6701
6758
7008
7025
7102
7171
7252
7281
7283
7311
7418
7538
7616
7692
7797
7821
7874
7927
8043
8168
8219
8266
8328
8358
8557
8617
8713
8850
9014
9124
9193
9334
9444
9476
9515
9580
9620
9818
9858
9973
10098
10160
10230
10322
10361
10481
10591
10737
10836
10860
10923
10932
10959
11012
11048
11117
11158
11200
11281
11388
11573
11609
11686
11763
11802
11803
11858
12003
12116
12359
12454
12522
12569
12617
12689
12823
12892
12945
13011
13021
13070
13093
13186
13322
13368
13370
13402
13649
13650
13651
13726
13798
13810
13846
14011
14213
14261
14303
14418
14504
14603
14646
14766
14896
14909
14954
14956
14958
14960
15007
15043
15157
15183
15288
15321
15395
15476
15574
15611
15715
15783
15824
15865
16104
16105
16107
16140
16265
16384
16462
16492
16503
16512
16550
16640
16712
16736
16747
16995
17171
17245
17332
17358
17531
17600
17608
17773
17776
17779
17782
17800
17877
18053
18115
18201
18293
18413
18628
18699
18773
18900
19046
19075
19119
19275
19313
19314
19315
19316
19317
19318
19369
19396
19400
19446
19538
19540
19546
19558
19600
19601
19602
19603
19604
19607
19608
19609
19610
19611
19624
19626
19628
19645
19646
19692
19729
19761
19785
19844
19880
19912
19913
19933
19934
19965
20027
20106
20184
20342
20346
20348
20351
20376
20393
20420
20426
20458
20459
20499
20534
20578
20602
20647
20648
20685
20729
20735
20740
20753
20816
20838
20894
20955
20994
21080
21185
21233
21312
21379
21381
21382
21383
21384
21385
21386
21387
21389
21483
21508
21513
21516
21520
21523
21651
21680
21749
21895
21955
21994
22059
22137
22201
22202
22231
22255
22278
22314
22422
22481
22516
22590
22684
22749
22790
22792
22794
22796
22803
22808
22809
22888
22977
23091
23210
23310
23434
23591
23666
23734
23769
23810
23838
23935
23983
24018
24020
24022
24024
24026
24028
24030
24032
24034
24036
24038
24040
24042
24044
24046
24048
24050
24052
24054
24056
24058
24060
24062
24065
24088
24092
24094
24099
24113
24115
24117
24119
24143
24175
24177
24202
24204
24206
24210
24212
24214
24216
24218
24229
24240
24284
24323
24334
24336
24338
24340
24348
24350
24352
24354
24356
24357
24359
24361
24402
24419
24421
24425
24442
24483
24488
24538
24548
24589
24606
24707
24708
24709
24710
24742
24754
24756
24769
24771
24773
24774
24808
24855
24896
24897
24935
24955
25007
25008
25009
25037
25096
25101
25103
25124
25140
25198
25247
25291
25345
25389
25425
25451
25462
25463
25494
25497
25515
25547
25552
25554
25562
25565
25578
25580
25583
25595
25597
25599
25601
25605
25611
25613
25619
25621
25629
25635
25636
25637
25638
25640
25666
25669
25670
25672
25674
25708
25711
25756
25821
25878
25955
25975
25976
25978
25980
25982
25988
25991
25994
26034
26040
26062
26065
26068
26073
26074
26118
26129
26130
26160
26234
26292
26294
26298
26299
26300
26301
26303
26304
26305
26307
26318
26346
26349
26396
26428
26466
26529
26597
26656
26851
26913
27002
27244
27325
27448
27528
27576
27704
27766
27883
27975
27976
28016
28142
28228
28372
28489
28583
28729
28797
28919
29062
29154
29201
29260
29277
29283
29292
29295
29298
29358
29519
29661
29693
29718
29745
29798
30046
30094
30207
30240
30242
30243
30247
30313
30320
30321
30377
30438
30491
30492
30496
30532
30642
30695
30793
30856
30909
30912
30915
30918
30959
31003
31092
31166
31294
31323
31336
31339
31416
31653
31666
31703
31732
31773
31813
31854
31895
31935
31975
31979
32138
32293
32370
32448
32550
32671
32693
32943
32967
32981
33008
33231
33448