# keyframe format v1
fps 0
0
24
88
91
112
115
117
118
200
246
264
369
416
418
420
423
428
461
494
553
591
593
595
597
599
601
612
720
838
851
853
855
857
865
895
917
939
985
987
988
991
994
997
1037
1074
1088
1119
1174
1175
1176
1179
1180
1181
1183
1184
1185
1193
1232
1235
1273
1275
1289
1301
1331
1359
1362
1365
1367
1369
1371
1373
1375
1377
1391
1393
1395
1397
1401
1407
1431
1460
1466
1475
1499
1500
1501
1502
1503
1553
1592
1614
1621
1627
1629
1653
1674
1684
1718
1770
1825
1841
1851
1861
1867
1869
1886
1908
1909
1910
1952
1954
1956
1968
1970
1972
2007
2008
2032
2064
2109
2111
2113
2115
2117
2130
2132
2140
2146
2148
2150
2152
2154
2156
2157
2158
2179
2180
2181
2187
2189
2191
2193
2202
2220
2222
2224
2226
2238
2246
2248
2252
2254
2256
2261
2281
2295
2303
2305
2323
2325
2327
2338
2348
2350
2352
2355
2357
2359
2360
2362
2371
2375
2377
2378
2379
2381
2383
2385
2387
2389
2391
2393
2395
2397
2399
2401
2402
2403
2413
2414
2415
2416
2463
2465
2476
2515
2524
2530
2536
2539
2542
2545
2548
2551
2554
2555
2556
2558
2560
2562
2563
2564
2565
2593
2623
2680
2712
2735
2760
2761
2762
2763
2764
2810
2811
2812
2814
2816
2818
2820
2822
2831
2832
2833
2835
2930
2949
2956
2997
3056
3127
3199
3258
3396
3599
3646
3754
3793
3830
3886
3988
4119
4166
4195
4238
4253
4297
4354
4358
4360
4376
4411
4439
4447
4451
4480
4514
4526
4538
4553
4595
4604
4649
4660
4701
4730
4768
4816
4838
4870
4906
4950
5016
5075
5140
5187
5271
5326
5424
5471
5566
5613
5732
5859
5913
5984
6035
6038
6065
6089
6108
6114
6119
6122
6130
6148
6152
6154
6158
6164
6166
6168
6170
6176
6177
6178
6179
6180
6218
6262
6264
6266
6268
6270
6272
6274
6276
6278
6280
6284
6295
6430
6478
6549
6608
6670
6688
6689
6730
6742
6766
6795
6817
6834
6854
6899
6926
6959
6968
6985
7080
7175
7270
7305
7340
7374
7387
7388
7390
7421
7423
7425
7427
7429
7434
7454
7456
7458
7480
7506
7547
7549
7584
7592
7631
7726
7774
7780
7839
7845
7848
7851
7854
7857
7895
7957
8028
8096
8191
8218
8227
8247
8250
8500
8512
8567
8817
8877
8904
9044
9223
9226
9229
9232
9235
9294
9305
9314
9320
9340
9471
9590
9651
9732
9935
10006
10065
10169
10236
10356
10392
10478
10606
10642
10750
10837
10932
10974
11009
11056
11206
11266
11268
11269
11270
11271
11272
11273
11288
11305
11320
11331
11332
11345
11363
11385
11402
11403
11404
11405
11406
11407
11408
11535
11630
11797
11880
11951
12070
12189
12330
12425
12484
12574
12699
12854
12985
13060
13126
13198
13230
13266
13344
13397
13528
13665
13706
13848
14069
14150
14400
14401
14472
14541
14547
14585
14620
14794
14985
15114
15122
15124
15126
15128
15327
15365
15367
15369
15401
15402
15403
15497
15551
15604
15735
15854
15950
15987
16220
16265
16332
16488
16535
16567
16650
16709
16852
16911
16938
16969
17052
17107
17172
17199
17229
17230
17302
17371
17460
17592
17595
17664
17694
17844
17900
17930
17963
18013
18085
18114
18204
18246
18366
18438
18497
18549
18728
18908
18978
19045
19164
19349
19462
19506
19667
19917
19928
20047
20106
20232
20327
20356
20392
20642
20706
20789
20892
21082
21085
21142
21196
21374
21392
21642
21655
21726
21866
21899
21970
21974
21976
22012
22016
22017
22019
22037
22054
22055
22061
22063
22065
22073
22075
22095
22097
22099
22113
22135
22163
22182
22199
22211
22243
22385
22429
22473
22704
22775
22834
23014
23029
23089
23339
23352
23495
23589
23615
23662
23905
23961
24014
24098
24140
24186
24382
24523
24636
24664
24886
24971
25010
25012
25014
25016
25017
25061
25062
25063
25128
25132
25133
25306
25470
25495
25520
25543
25544
25694
25876
26126
26164
26203
26291
26428
26678
26715
26759
27009
27013
27174
27177
27180
27255
27258
27321
27420
27489
27684
27685
27739
27792
27860
27955
28119
28196
28345
28551
28652
28743
28753
28914
29007
29105
29355
29424
29460
29511
29577
29776
29854
29939
30067
30148
30315
30349
30484
30485
30599
30610
30724
30891
30926
31069
31176
31210
31294
31323
31336
31339
31460
31653
31703
31732
31773
31813
31854
31895
31935
31975
31979
32167
32185
32293
32370
32448
32550
32671
32693
32943
32967
32981
33008
33231
33448