# keyframe format v1
fps 0
0
24
72
92
107
135
168
205
259
263
276
277
278
392
459
499
526
533
548
573
616
618
620
622
632
635
639
641
642
645
647
648
649
650
651
670
672
674
676
678
680
689
691
703
705
708
738
741
743
745
753
755
757
780
823
857
883
889
895
937
1008
1076
1116
1224
1237
1239
1241
1243
1251
1281
1303
1325
1371
1374
1377
1380
1383
1423
1459
1474
1560
1561
1563
1564
1565
1566
1568
1569
1579
1618
1621
1659
1661
1675
1687
1717
1745
1748
1751
1753
1755
1757
1759
1761
1763
1777
1779
1781
1783
1787
1793
1817
1846
1852
1861
1885
1886
1887
1888
1889
1939
1978
2000
2007
2013
2015
2039
2060
2070
2104
2156
2211
2227
2237
2247
2253
2255
2272
2294
2295
2296
2338
2340
2342
2354
2356
2358
2393
2394
2418
2450
2495
2497
2499
2501
2503
2516
2518
2526
2532
2534
2536
2538
2540
2542
2543
2544
2565
2566
2567
2573
2575
2577
2579
2588
2606
2608
2610
2612
2624
2632
2634
2638
2640
2642
2647
2667
2681
2689
2691
2709
2711
2713
2724
2734
2736
2738
2741
2743
2745
2746
2748
2757
2759
2760
2761
2763
2764
2765
2767
2769
2771
2773
2775
2777
2779
2781
2783
2785
2787
2788
2789
2799
2800
2801
2802
2849
2851
2862
2901
2910
2916
2922
2925
2928
2931
2934
2937
2940
2941
2942
2944
2946
2948
2949
2950
2951
2979
3009
3066
3098
3121
3146
3147
3148
3149
3150
3196
3197
3198
3200
3202
3204
3206
3208
3217
3218
3219
3221
3316
3335
3342
3381
3488
3598
3696
3833
3843
3846
3847
3878
3928
3941
3981
4006
4007
4008
4037
4090
4110
4138
4139
4166
4213
4223
4225
4231
4233
4238
4248
4282
4284
4291
4326
4370
4427
4472
4508
4665
4715
4840
4942
4945
4948
4950
4953
5021
5135
5229
5274
5321
5362
5386
5387
5409
5427
5462
5484
5492
5543
5569
5578
5625
5697
5722
5826
5930
6065
6199
6397
6476
6538
6642
6643
6671
6696
6788
6855
6942
6946
6948
6950
6952
6996
7041
7114
7115
7185
7242
7362
7495
7612
7613
7614
7643
7649
7662
7663
7695
7742
7744
7756
7766
7777
7789
7790
7791
7792
7822
7846
7860
8030
8240
8299
8404
8487
8630
8739
8744
8753
8788
8832
8834
8836
8838
8840
8842
8844
8846
8848
8850
8852
8854
8856
8858
8860
8862
8864
8866
8868
8870
8872
8874
8876
8878
8879
9034
9201
9313
9452
9702
9709
9795
9907
10024
10155
10243
10244
10245
10278
10323
10359
10535
10595
10642
10765
10845
10846
10847
10892
10899
10900
10901
10902
10945
10946
10947
11004
11027
11040
11042
11056
11060
11062
11064
11066
11068
11070
11078
11082
11084
11088
11090
11092
11100
11106
11108
11110
11112
11114
11122
11131
11150
11152
11160
11162
11180
11182
11184
11192
11194
11212
11214
11216
11218
11224
11226
11244
11252
11256
11276
11288
11302
11374
11446
11481
11484
11487
11508
11511
11514
11515
11516
11552
11556
11558
11560
11562
11564
11566
11568
11571
11575
11619
11621
11626
11632
11634
11636
11638
11639
11640
11642
11662
11664
11666
11672
11674
11676
11678
11679
11680
11682
11695
11755
11756
11757
11812
11887
11924
11929
11931
11933
11935
11937
11939
11947
11953
11955
11957
11959
11961
11963
11965
11971
11977
11979
11981
11983
12001
12005
12007
12009
12011
12013
12137
12231
12353
12574
12678
12725
12771
12819
12844
12854
12910
12969
13219
13269
13298
13511
13671
13740
13895
13929
13976
14071
14095
14146
14216
14422
14525
14597
14758
14934
14943
15008
15189
15204
15209
15213
15317
15436
15438
15439
15440
15567
15674
15678
15725
15832
15975
16089
16136
16339
16554
16631
16757
17007
17184
17291
17497
17501
17532
17703
17814
17954
18144
18291
18341
18437
18638
18668
18669
18691
18768
18855
18995
19067
19183
19278
19385
19429
19515
19580
19813
19871
19951
20048
20200
20202
20204
20279
20347
20406
20569
20646
20694
20741
20742
20743
20744
20759
20871
20951
21043
21141
21212
21302
21346
21347
21348
21349
21385
21535
21672
21673
21714
21716
21752
21964
22164
22235
22330
22394
22397
22426
22539
22646
22744
22745
22783
22788
22792
22920
23121
23174
23208
23239
23357
23471
23586
23721
23754
23837
23884
23931
24143
24222
24276
24519
24620
24778
24894
24902
24941
25141
25221
25260
25275
25377
25554
25622
25693
25764
25793
25843
26093
26121
26140
26175
26196
26216
26244
26255
26256
26257
26258
26259
26299
26382
26461
26557
26614
26709
26810
26922
26963
27213
27214
27291
27541
27603
27679
27918
28046
28132
28269
28352
28414
28483
28545
28652
28732
28864
28950
29007
29023
29024
29049
29057
29105
29116
29211
29322
29411
29518
29751
29768
29867
29921
29992
30087
30233
30280
30330
30398
30432
30476
30496
30498
30500
30504
30508
30512
30516
30520
30524
30528
30529
30600
30686
30688
30690
30692
30694
30696
30698
30700
30702
30704
30706
30708
30710
30712
30714
30716
30718
30720
30722
30724
30726
30728
30730
30732
30734
30736
30805
30927
31024
31274
31290
31319
31332
31335
31524
31649
31699
31728
31769
31809
31850
31891
31931
31971
31975
32181
32289
32366
32444
32546
32667
32689
32939
32963
32977
33004
33227
33448