# keyframe format v1
fps 0
0
24
56
89
126
144
159
173
188
202
246
264
269
272
291
312
338
383
413
444
466
489
511
548
551
582
624
711
712
799
803
828
829
831
833
845
846
858
936
945
947
949
1021
1050
1054
1082
1083
1108
1244
1295
1313
1336
1358
1397
1401
1403
1405
1477
1487
1493
1517
1527
1530
1561
1574
1707
1734
1735
1767
1799
1821
1877
1909
1929
1941
1943
1953
1957
1961
1963
1968
1970
1973
1979
1985
1987
2017
2023
2043
2055
2057
2071
2087
2089
2091
2093
2095
2097
2099
2101
2103
2105
2107
2109
2111
2112
2113
2114
2116
2118
2121
2129
2130
2133
2135
2142
2144
2146
2148
2150
2152
2154
2156
2158
2160
2170
2172
2174
2176
2178
2183
2184
2185
2186
2187
2211
2212
2224
2226
2228
2230
2249
2251
2253
2275
2277
2292
2328
2337
2340
2381
2383
2384
2403
2404
2406
2408
2429
2460
2472
2536
2538
2539
2540
2570
2612
2673
2691
2692
2708
2782
2829
2869
2958
3024
3138
3298
3460
3504
3544
3622
3672
3674
3675
3708
3861
3863
3865
3867
3869
3871
3873
3875
3877
3879
3891
3894
3897
3900
3903
3906
3909
3911
3913
3915
3918
3920
3922
3943
4046
4089
4181
4193
4220
4237
4244
4246
4252
4254
4262
4270
4278
4318
4319
4321
4364
4393
4394
4420
4437
4438
4440
4442
4444
4448
4450
4456
4457
4459
4461
4463
4512
4571
4618
4639
4675
4711
4722
4756
4813
4814
4821
4892
4901
4903
4905
4910
4920
4924
4925
4927
4928
4929
4931
4972
5015
5016
5018
5020
5022
5070
5091
5184
5244
5273
5305
5361
5429
5487
5548
5647
5650
5651
5655
5726
5739
5768
5905
5912
6000
6003
6006
6009
6012
6015
6033
6036
6054
6155
6198
6210
6337
6433
6470
6503
6534
6567
6618
6691
6941
7057
7189
7361
7604
7655
7861
7987
8223
8315
8409
8583
8714
8878
9009
9068
9287
9537
9729
9786
9834
9886
10136
10386
10419
10481
10607
10686
10745
10788
10831
10893
10936
10966
10972
11042
11096
11264
11370
11518
11564
11644
11729
11801
11860
11932
11934
11935
11936
11938
11983
11987
11992
12045
12295
12374
12483
12485
12486
12487
12488
12489
12490
12521
12522
12523
12560
12563
12616
12617
12723
12853
12960
13175
13223
13225
13226
13227
13313
13350
13353
13354
13355
13356
13432
13540
13694
13765
13808
13869
13911
13953
14020
14080
14166
14225
14284
14330
14462
14587
14635
14885
14887
14934
14988
15097
15169
15264
15279
15316
15385
15397
15400
15490
15693
15884
16046
16195
16233
16286
16517
16535
16558
16605
16663
16897
17004
17231
17254
17326
17417
17504
17587
17657
17693
17752
17754
17764
17774
17776
17786
17796
17802
17815
17923
17925
17929
17931
17933
17935
17937
17938
17939
17940
17942
17963
17971
17987
18029
18033
18057
18064
18098
18151
18159
18191
18198
18251
18304
18349
18474
18503
18564
18629
18631
18737
18829
18924
19002
19032
19034
19068
19133
19152
19153
19154
19155
19156
19157
19159
19160
19161
19163
19165
19167
19173
19175
19195
19197
19199
19211
19213
19215
19217
19219
19423
19498
19587
19682
19783
19878
19967
20110
20229
20360
20403
20486
20593
20671
20730
20738
20748
20754
20756
20762
20768
20774
20778
20780
20786
20892
20952
21023
21142
21144
21201
21248
21295
21324
21422
21545
21598
21633
21843
21896
21977
22169
22228
22308
22343
22390
22457
22459
22490
22499
22503
22505
22507
22509
22511
22513
22522
22526
22533
22540
22547
22554
22555
22592
22601
22655
22772
22777
22824
23051
23149
23382
23454
23525
23626
23627
23630
23633
23643
23645
23646
23648
23649
23651
23652
23654
23655
23657
23658
23660
23663
23666
23679
23713
23726
23746
23761
23775
23797
23851
23911
24025
24026
24027
24150
24198
24243
24281
24317
24332
24333
24385
24398
24400
24457
24459
24483
24485
24542
24544
24607
24714
24716
24738
24750
24780
24796
24842
24901
25056
25151
25173
25176
25179
25193
25213
25231
25256
25316
25340
25358
25373
25375
25383
25399
25432
25454
25530
25577
25628
25630
25651
25677
25679
25681
25706
25718
25768
25905
25970
26062
26157
26185
26215
26222
26269
26316
26411
26506
26547
26600
26611
26613
26629
26631
26676
26689
26730
26777
26798
26845
26855
26859
26878
26900
26907
26930
26955
26996
27005
27019
27027
27134
27174
27222
27281
27328
27464
27501
27539
27604
27633
27651
27674
27686
27713
27715
27729
27731
27732
27842
27913
27954
28001
28039
28206
28313
28360
28407
28454
28501
28548
28619
28684
28773
28904
28924
29032
29109
29257
29290
29352
29602
29657
29785
29892
29939
30028
30034
30058
30064
30141
30143
30145
30189
30195
30207
30247
30269
30282
30284
30311
30313
30341
30343
30370
30372
30396
30443
30510
30511
30512
30608
30620
30636
30650
30652
30667
30675
30687
30691
30693
30695
30703
30707
30714
30763
30869
30928
30998
31045
31093
31158
31288
31296
31546
31554
31796
31809
32046
32068
32175
32373
32425
32660
32799
32925
32931
33137
33181
33185
33354
33356
33357
33358
33371
33431
33446