# keyframe format v1
fps 0
0
24
43
44
46
52
56
58
61
74
78
80
82
83
85
88
89
90
91
92
93
94
111
117
132
143
164
179
183
185
186
187
209
224
225
245
274
278
326
327
328
357
375
387
390
392
416
453
516
544
613
657
699
744
863
1006
1243
1350
1439
1559
1598
1783
1918
1965
2058
2141
2230
2302
2315
2317
2319
2321
2323
2329
2359
2381
2403
2449
2452
2455
2458
2461
2501
2515
2537
2552
2638
2639
2640
2641
2642
2643
2644
2645
2646
2647
2648
2649
2657
2693
2699
2735
2737
2739
2753
2765
2767
2795
2823
2826
2829
2831
2833
2835
2837
2839
2841
2851
2853
2855
2857
2859
2861
2863
2865
2871
2874
2895
2924
2930
2932
2939
2940
2941
2963
2964
2965
2966
2967
2974
3017
3056
3078
3085
3091
3093
3114
3117
3138
3148
3149
3182
3234
3289
3302
3305
3313
3315
3321
3323
3325
3329
3331
3333
3350
3372
3373
3374
3416
3418
3420
3432
3434
3436
3471
3472
3473
3496
3528
3573
3575
3577
3579
3581
3594
3596
3598
3604
3606
3608
3610
3612
3614
3616
3618
3620
3621
3622
3643
3644
3645
3651
3653
3655
3657
3659
3666
3670
3684
3686
3688
3690
3694
3700
3702
3709
3710
3711
3712
3716
3717
3718
3719
3720
3725
3745
3759
3767
3769
3787
3789
3791
3792
3793
3802
3805
3807
3812
3814
3816
3819
3821
3823
3824
3826
3828
3835
3837
3838
3839
3841
3842
3843
3845
3846
3847
3849
3851
3853
3855
3857
3859
3861
3863
3865
3866
3867
3877
3878
3879
3880
3893
3927
3929
3940
3975
3979
3981
3983
3988
3991
3994
4000
4003
4006
4009
4012
4015
4018
4019
4020
4022
4024
4026
4027
4028
4029
4057
4087
4144
4176
4199
4225
4226
4227
4228
4273
4274
4275
4276
4278
4280
4282
4284
4286
4288
4290
4292
4294
4295
4296
4297
4299
4307
4394
4413
4459
4518
4622
4693
4836
4884
4962
5017
5035
5104
5310
5338
5354
5457
5551
5686
5733
5811
5888
6082
6184
6202
6244
6265
6273
6314
6373
6456
6478
6505
6576
6671
6727
6783
6801
6861
7092
7098
7104
7263
7322
7369
7416
7417
7451
7475
7505
7518
7529
7531
7534
7552
7556
7562
7568
7574
7580
7586
7598
7601
7631
7652
7654
7656
7657
7659
7661
7663
7665
7667
7669
7671
7673
7675
7677
7679
7681
7683
7685
7687
7689
7690
7692
7693
7695
7697
7699
7701
7703
7705
7722
7833
7834
7841
7842
7843
7880
7925
7926
7927
7974
8021
8041
8042
8043
8101
8117
8137
8141
8151
8165
8175
8176
8273
8366
8378
8394
8400
8401
8469
8515
8660
8731
8869
8925
9018
9061
9175
9222
9472
9486
9606
9647
9671
9707
9778
9829
9922
10086
10133
10223
10282
10336
10339
10345
10362
10374
10377
10416
10475
10546
10547
10548
10549
10600
10612
10618
10642
10672
10791
10921
11018
11084
11140
11254
11260
11301
11303
11305
11308
11309
11313
11319
11323
11348
11395
11417
11423
11442
11504
11549
11596
11667
11668
11669
11774
11821
11856
11862
11885
11956
11972
12001
12030
12032
12034
12036
12038
12050
12052
12065
12096
12134
12143
12155
12316
12361
12420
12536
12619
12694
12753
12804
12851
12958
13007
13008
13083
13238
13327
13390
13473
13522
13609
13653
13832
13888
13905
13928
13949
14178
14247
14342
14592
14632
14824
14966
15122
15188
15343
15481
15487
15510
15605
15676
15926
15927
16176
16286
16429
16459
16462
16465
16468
16480
16621
16668
16758
16841
17091
17114
17155
17226
17302
17329
17359
17381
17536
17749
17786
17928
18178
18223
18369
18370
18473
18534
18725
18844
18849
18856
18927
18986
19058
19140
19188
19301
19348
19365
19380
19381
19397
19440
19490
19491
19591
19659
19718
19813
19861
19932
20003
20074
20233
20304
20387
20443
20490
20491
20492
20493
20621
20693
20773
20849
20894
20977
21024
21068
21139
21210
21271
21366
21557
21596
21637
21676
21715
21798
21989
22084
22242
22257
22307
22475
22481
22546
22783
22796
22830
23033
23164
23379
23624
23672
23768
23869
24008
24121
24125
24193
24236
24486
24518
24589
24652
24768
24863
24867
24880
24881
24882
25003
25018
25042
25089
25232
25399
25469
25640
25656
25695
25719
25737
25874
26075
26078
26081
26084
26087
26098
26211
26249
26250
26251
26392
26433
26435
26437
26439
26441
26443
26445
26447
26449
26451
26453
26455
26457
26459
26461
26463
26465
26467
26469
26470
26499
26511
26514
26545
26604
26651
26698
26838
26909
26980
27000
27002
27004
27051
27120
27155
27157
27163
27166
27237
27239
27241
27253
27255
27257
27267
27270
27271
27274
27276
27277
27280
27282
27283
27284
27304
27307
27308
27309
27310
27342
27371
27372
27373
27418
27513
27576
27602
27624
27626
27628
27630
27632
27634
27635
27636
27638
27640
27651
27679
27681
27683
27685
27707
27709
27711
27713
27715
27717
27719
27721
27723
27725
27732
27734
27746
27748
27750
27781
27799
27805
27809
27811
27813
27815
27817
27819
27821
27823
27825
27827
27829
27831
27833
27835
27837
27839
27840
27846
27852
27858
27864
27870
27872
27875
27877
27887
27889
27891
27893
27897
27899
27903
27905
27907
27909
27915
27921
27954
27957
27959
27967
27968
27984
27990
27998
28006
28008
28010
28012
28020
28022
28024
28034
28045
28064
28066
28068
28070
28072
28074
28076
28078
28080
28082
28084
28086
28088
28090
28092
28093
28122
28128
28163
28180
28182
28205
28248
28282
28353
28388
28423
28424
28425
28426
28427
28494
28647
28653
28655
28657
28676
28687
28751
28846
28847
28927
29001
29048
29092
29107
29109
29111
29113
29115
29117
29119
29121
29136
29169
29171
29173
29212
29260
29262
29264
29266
29278
29280
29281
29282
29283
29284
29285
29296
29298
29300
29318
29335
29336
29337
29362
29364
29366
29368
29370
29384
29385
29387
29416
29428
29436
29438
29440
29442
29450
29452
29454
29456
29462
29466
29467
29468
29470
29472
29474
29480
29482
29484
29502
29504
29506
29520
29534
29546
29603
29662
29781
29782
29783
29823
29858
29893
29912
29928
29929
29963
29965
29967
29969
29971
29973
29975
29977
29980
29981
29987
29989
29991
29993
29995
29997
29999
30001
30010
30057
30104
30130
30132
30134
30136
30163
30234
30351
30528
30530
30536
30542
30548
30552
30554
30557
30559
30561
30563
30565
30567
30569
30581
30587
30589
30591
30593
30595
30597
30599
30601
30603
30605
30607
30609
30611
30613
30615
30617
30619
30621
30623
30625
30627
30629
30631
30633
30634
30654
30660
30672
30678
30681
30723
30794
30865
30924
31019
31152
31153
31154
31155
31156
31157
31158
31159
31160
31181
31182
31183
31184
31185
31194
31197
31200
31269
31511
31519
31561
31590
31631
31671
31712
31753
31793
31831
31836
31837
31838
32025
32043
32151
32228
32306
32408
32529
32541
32551
32801
32825
32839
32866
33089
33310