# keyframe format v1
fps 0
0
24
51
72
88
105
128
146
159
171
216
244
265
267
269
271
306
334
340
348
378
381
406
452
462
464
468
470
474
478
480
484
486
490
494
496
498
500
504
506
508
510
514
516
520
522
523
563
571
656
678
768
911
1030
1083
1132
1192
1284
1534
1560
1662
1704
1912
1973
2066
2198
2281
2398
2411
2413
2415
2417
2425
2455
2477
2499
2545
2548
2551
2554
2557
2597
2633
2648
2734
2735
2737
2738
2739
2740
2742
2743
2745
2753
2792
2795
2833
2835
2849
2861
2891
2919
2922
2925
2927
2929
2931
2933
2935
2937
2951
2953
2955
2957
2961
2967
2991
3020
3026
3035
3059
3060
3061
3062
3063
3113
3152
3174
3181
3187
3189
3213
3234
3244
3278
3330
3385
3401
3411
3421
3427
3429
3446
3468
3469
3470
3512
3514
3516
3528
3530
3532
3567
3568
3592
3624
3669
3671
3673
3675
3677
3690
3692
3700
3706
3708
3710
3712
3714
3716
3717
3718
3739
3740
3741
3747
3749
3751
3753
3762
3780
3782
3784
3786
3798
3806
3808
3812
3814
3816
3821
3841
3855
3863
3865
3883
3885
3887
3889
3898
3901
3908
3910
3912
3915
3917
3919
3920
3922
3931
3935
3937
3938
3939
3941
3943
3945
3947
3949
3951
3953
3955
3957
3959
3961
3962
3963
3973
3974
3975
3976
3989
4023
4036
4075
4084
4090
4096
4099
4102
4105
4108
4111
4114
4115
4116
4118
4120
4122
4124
4125
4153
4183
4240
4272
4295
4320
4322
4323
4324
4370
4371
4372
4374
4376
4378
4380
4382
4392
4393
4395
4490
4509
4555
4674
4725
4787
4788
4820
4906
4912
4915
5070
5085
5205
5273
5345
5452
5599
5826
5957
6188
6207
6241
6359
6431
6550
6627
6700
6761
6863
6875
7125
7154
7297
7452
7503
7513
7516
7545
7550
7560
7562
7564
7566
7579
7698
7793
7876
7971
8030
8196
8214
8229
8247
8249
8250
8251
8329
8361
8400
8483
8504
8519
8522
8541
8600
8659
8814
8851
8892
8939
9049
9130
9133
9136
9139
9142
9202
9205
9208
9211
9232
9234
9236
9239
9241
9243
9253
9256
9259
9274
9278
9280
9284
9286
9299
9305
9311
9315
9329
9335
9339
9345
9440
9581
9700
9795
9883
9890
9961
10032
10126
10142
10146
10147
10193
10298
10329
10330
10388
10447
10506
10562
10681
10684
10686
10688
10698
10713
10737
10757
10765
10780
10851
10970
11053
11196
11255
11314
11434
11490
11561
11620
11694
11764
11845
12000
12107
12151
12258
12301
12447
12566
12734
12815
12976
13073
13225
13335
13395
13396
13470
13713
13845
13963
14034
14138
14381
14428
14523
14648
14828
14856
14939
15034
15059
15093
15171
15206
15208
15209
15210
15211
15212
15213
15266
15272
15275
15277
15278
15337
15443
15546
15700
15868
15950
15951
16082
16270
16278
16374
16475
16725
16758
16833
16928
17035
17136
17210
17211
17329
17412
17483
17486
17541
17554
17625
17724
17733
17736
17762
17881
17971
18023
18082
18177
18275
18323
18326
18435
18513
18558
18690
18762
18894
18990
19240
19253
19331
19454
19555
19650
19709
19883
19966
20097
20168
20203
20205
20216
20373
20479
20598
20669
20740
20821
20992
21102
21246
21365
21445
21501
21546
21547
21615
21672
21719
21874
22029
22119
22123
22140
22176
22211
22248
22249
22250
22251
22302
22371
22429
22445
22447
22450
22470
22476
22511
22541
22545
22546
22593
22626
22667
22689
22692
22693
22713
22748
22765
22812
22846
22894
22929
22962
22984
23149
23191
23241
23341
23367
23424
23506
23542
23613
23696
23704
23705
23706
23724
23799
23858
23948
24089
24136
24185
24335
24384
24454
24493
24589
24697
24756
24906
24935
24994
25006
25137
25346
25387
25463
25618
25760
25868
25870
25871
25872
25873
25874
25875
25886
25888
25890
25908
25925
25926
25927
25952
25954
25974
26010
26040
26042
26044
26056
26057
26058
26060
26062
26064
26070
26072
26092
26094
26096
26110
26134
26136
26160
26175
26194
26197
26202
26212
26213
26248
26362
26469
26714
26881
26958
27077
27124
27183
27235
27236
27433
27473
27545
27627
27645
27693
27764
27829
27948
28031
28102
28209
28297
28311
28330
28332
28334
28385
28442
28445
28448
28499
28558
28653
28734
28782
28838
28892
28927
28987
29058
29174
29199
29270
29423
29494
29613
29619
29640
29664
29684
29742
29865
29990
30115
30235
30306
30413
30556
30562
30564
30591
30663
30806
30843
30876
30899
30923
30994
31068
31290
31317
31329
31332
31335
31567
31649
31699
31728
31769
31809
31850
31891
31931
31971
31975
32181
32289
32366
32444
32546
32667
32689
32939
32963
32977
33004
33227
33447