# keyframe format v1
fps 0
0
24
108
109
110
125
127
134
150
163
177
186
192
195
200
216
234
251
267
284
300
326
350
366
391
410
438
451
464
531
549
566
583
601
615
625
646
655
678
693
694
708
709
729
745
746
749
754
755
756
757
758
768
770
771
772
780
786
796
808
822
842
857
872
905
928
955
974
989
990
1011
1033
1037
1039
1045
1046
1091
1094
1106
1109
1112
1118
1121
1130
1133
1135
1137
1139
1140
1159
1180
1199
1216
1218
1228
1231
1240
1241
1263
1287
1332
1333
1335
1336
1337
1345
1359
1361
1362
1363
1364
1369
1372
1389
1427
1477
1509
1511
1525
1527
1529
1531
1533
1535
1537
1539
1581
1654
1667
1669
1671
1673
1681
1711
1733
1755
1801
1803
1804
1807
1810
1813
1853
1890
1904
1935
1990
1991
1992
1995
1996
1997
1999
2000
2001
2009
2048
2051
2089
2091
2105
2117
2147
2175
2178
2181
2183
2185
2187
2189
2191
2193
2207
2209
2211
2213
2217
2223
2247
2276
2282
2291
2315
2316
2317
2318
2319
2369
2408
2430
2437
2443
2445
2469
2490
2500
2534
2586
2641
2657
2667
2677
2683
2685
2702
2724
2725
2726
2768
2770
2772
2784
2786
2788
2823
2824
2848
2880
2925
2927
2929
2931
2933
2946
2948
2956
2962
2964
2966
2968
2970
2972
2973
2974
2995
2996
2997
3003
3005
3007
3009
3018
3036
3038
3040
3042
3054
3062
3064
3068
3070
3072
3077
3097
3111
3119
3121
3139
3141
3143
3154
3164
3166
3168
3171
3173
3175
3176
3178
3187
3191
3193
3194
3195
3197
3199
3201
3203
3205
3207
3209
3211
3213
3215
3217
3218
3219
3229
3230
3231
3232
3279
3281
3292
3331
3340
3346
3352
3355
3358
3361
3364
3367
3370
3371
3372
3374
3376
3378
3379
3380
3381
3409
3439
3496
3528
3551
3576
3577
3578
3579
3580
3626
3627
3628
3630
3632
3634
3636
3638
3648
3649
3651
3746
3765
3772
3813
3956
4048
4108
4321
4399
4512
4673
4743
4844
4963
5073
5143
5214
5279
5344
5423
5424
5430
5436
5445
5446
5451
5482
5494
5500
5502
5504
5505
5506
5521
5527
5530
5532
5534
5536
5538
5540
5541
5557
5589
5599
5601
5603
5605
5619
5621
5623
5625
5627
5629
5631
5633
5634
5681
5682
5684
5700
5712
5747
5771
5779
5781
5782
5783
5841
5872
5899
5928
5930
5932
5946
5948
5978
6002
6065
6068
6074
6104
6115
6138
6139
6173
6200
6217
6235
6253
6270
6271
6327
6374
6421
6492
6571
6573
6574
6575
6576
6577
6578
6580
6582
6584
6586
6588
6590
6592
6594
6596
6597
6620
6621
6637
6650
6662
6665
6677
6679
6681
6683
6687
6692
6719
6723
6785
6851
6875
6881
6910
6911
6912
6933
6954
6959
6977
6996
6997
7009
7021
7033
7034
7041
7098
7173
7226
7296
7349
7458
7577
7686
7760
7790
7876
7932
8072
8131
8175
8276
8395
8522
8609
8680
8715
8792
8822
8852
8864
8894
9091
9150
9209
9268
9339
9392
9454
9566
9637
9702
9752
9887
9925
10008
10133
10188
10261
10413
10493
10639
10757
10760
10822
10879
11052
11122
11235
11432
11515
11553
11598
11658
11687
11731
11776
11777
11779
11780
11781
11783
11868
12011
12106
12175
12278
12449
12681
12772
12864
12929
12982
13047
13049
13071
13073
13083
13158
13190
13231
13260
13292
13411
13443
13453
13471
13493
13495
13521
13525
13527
13528
13529
13530
13531
13532
13533
13563
13634
13715
13763
13766
13769
13772
13775
13813
13814
13848
13851
13854
13857
13860
13863
13866
13869
13872
13875
13878
13881
13884
13895
13959
13961
13966
14007
14025
14026
14028
14031
14043
14046
14058
14072
14075
14106
14112
14113
14147
14191
14343
14441
14506
14565
14636
14821
14886
14889
14948
15043
15102
15192
15224
15319
15378
15473
15527
15572
15574
15623
15627
15728
15805
15864
15923
16048
16120
16144
16298
16317
16349
16480
16594
16629
16665
16669
16675
16694
16702
16704
16721
16730
16736
16747
16763
16778
16799
16809
16856
16921
17022
17078
17137
17155
17158
17182
17313
17361
17554
17602
17649
17691
17721
17757
17787
17821
17831
17870
17886
17914
17994
18095
18190
18306
18416
18506
18509
18545
18563
18569
18590
18666
18671
18791
18794
18850
18916
18924
18993
18994
19035
19094
19141
19288
19314
19316
19341
19563
19644
19711
19721
19723
19727
19729
19735
19739
19741
19745
19747
19751
19801
19842
19858
19873
19874
19908
19909
19955
20060
20113
20160
20207
20281
20338
20373
20456
20611
20623
20655
20726
20787
20931
21062
21131
21215
21287
21359
21406
21453
21488
21494
21497
21500
21547
21645
21710
21804
21841
21956
22051
22155
22365
22405
22460
22462
22463
22464
22465
22466
22470
22471
22473
22521
22532
22535
22642
22737
22831
22981
23100
23199
23442
23586
23759
23809
23810
23811
23857
23898
23942
23986
24087
24126
24162
24176
24180
24205
24304
24363
24413
24663
24766
24924
25032
25106
25171
25218
25265
25345
25438
25477
25491
25741
25742
25780
25791
25991
26004
26111
26158
26228
26365
26478
26579
26637
26732
26779
26856
26924
26960
26984
27007
27066
27125
27280
27435
27482
27486
27547
27715
27829
28032
28109
28156
28281
28352
28447
28626
28754
28802
28829
28843
28926
29003
29089
29317
29339
29352
29405
29585
29655
29702
29738
29810
29918
29957
29960
29981
29984
29987
29989
29991
29993
29995
29997
29998
29999
30000
30001
30003
30014
30015
30122
30194
30212
30314
30413
30491
30524
30596
30619
30628
30734
30878
31003
31125
31294
31323
31336
31339
31342
31375
31625
31653
31703
31732
31773
31813
31854
31895
31935
31975
31979
32167
32185
32293
32370
32448
32550
32671
32693
32943
32967
32981
33008
33231
33448