# keyframe format v1
fps 0
0
24
110
152
166
169
172
345
595
753
783
845
867
955
1036
1086
1268
1327
1577
1582
1669
1670
1757
1761
1771
1787
1789
1791
1803
1804
1816
1894
1907
1979
2008
2012
2041
2066
2202
2253
2271
2294
2316
2355
2359
2361
2363
2435
2445
2451
2475
2485
2488
2519
2532
2665
2692
2693
2725
2757
2779
2835
2867
2887
2899
2901
2911
2915
2919
2921
2926
2928
2931
2937
2943
2945
2975
2981
3001
3011
3013
3015
3029
3045
3047
3049
3051
3053
3055
3057
3059
3061
3063
3065
3067
3069
3070
3071
3072
3074
3076
3079
3088
3091
3093
3100
3102
3104
3106
3108
3110
3112
3114
3116
3118
3128
3130
3132
3134
3136
3141
3142
3143
3144
3145
3169
3170
3184
3186
3188
3207
3209
3211
3233
3235
3250
3286
3295
3298
3339
3341
3342
3361
3362
3364
3366
3387
3418
3430
3494
3496
3497
3498
3528
3570
3631
3649
3650
3666
3741
3812
3932
4064
4184
4264
4371
4402
4506
4547
4578
4613
4660
4854
4896
5001
5218
5439
5540
5630
5671
5796
5850
5958
6005
6031
6058
6093
6216
6281
6531
6599
6849
6850
6965
6968
6978
7086
7111
7266
7340
7349
7445
7507
7540
7610
7742
7845
8018
8089
8289
8339
8428
8429
8433
8514
8534
8715
8769
9013
9263
9300
9452
9453
9550
9642
9645
9647
9772
9909
10028
10052
10097
10168
10418
10500
10537
10772
10858
10999
11021
11040
11059
11078
11097
11182
11221
11266
11267
11268
11269
11270
11271
11272
11275
11351
11432
11516
11568
11589
11591
11593
11596
11600
11601
11602
11635
11673
11681
11706
11760
11765
11911
11920
11922
11933
11993
12088
12145
12279
12324
12362
12381
12384
12387
12390
12396
12399
12426
12464
12560
12607
12714
12720
12964
12983
13017
13019
13121
13243
13380
13386
13394
13402
13410
13418
13426
13434
13442
13450
13458
13466
13474
13482
13487
13582
13714
13800
13878
14021
14050
14300
14380
14448
14468
14484
14568
14651
14731
14759
14795
14796
14876
14968
15016
15050
15065
15068
15252
15266
15307
15312
15436
15654
15830
16069
16319
16328
16537
16704
16859
16955
17024
17090
17127
17216
17247
17385
17516
17659
17809
17935
18052
18241
18302
18440
18441
18445
18603
18723
18909
18980
19099
19164
19223
19426
19603
19791
19827
19900
19903
19965
20036
20070
20105
20139
20140
20208
20311
20333
20394
20458
20466
20499
20534
20594
20713
20820
20874
20885
20886
21028
21166
21213
21252
21371
21439
21529
21531
21532
21657
21773
21872
21902
21953
22001
22051
22183
22231
22273
22370
22424
22585
22671
22688
22724
22828
22899
22964
23029
23220
23279
23327
23328
23329
23362
23425
23459
23460
23461
23462
23675
23777
23778
23779
23835
23838
23847
23850
23853
23856
23859
23862
23865
23874
23889
23892
23912
23925
23952
23966
24067
24204
24213
24222
24394
24644
24765
24795
24864
25013
25099
25111
25222
25317
25341
25466
25549
25705
25752
25934
25935
25936
25937
25938
25939
25946
26133
26135
26145
26148
26150
26236
26261
26289
26420
26563
26725
26788
26813
26851
26857
26941
26965
27048
27155
27196
27267
27365
27394
27431
27440
27564
27587
27718
27760
27766
27788
27824
28007
28013
28030
28056
28116
28148
28163
28190
28261
28302
28354
28391
28518
28650
28780
28864
28873
28900
28983
29009
29065
29112
29113
29160
29183
29278
29308
29344
29352
29354
29356
29358
29365
29371
29374
29389
29407
29429
29497
29522
29725
29754
29848
29851
29857
29870
29885
29907
29942
29995
30084
30226
30229
30334
30341
30371
30388
30445
30447
30448
30506
30588
30636
30637
30701
30767
30841
30924
30982
31030
31110
31290
31298
31548
31556
31798
31811
32048
32070
32177
32375
32427
32662
32801
32927
32933
33139
33183
33187
33356
33358
33359
33360
33373
33433
33448