# keyframe format v1
fps 0
0
24
68
134
167
168
169
170
171
330
413
477
596
649
775
955
1027
1077
1176
1189
1191
1193
1195
1203
1233
1255
1277
1323
1326
1329
1332
1335
1375
1411
1512
1513
1515
1516
1517
1518
1520
1521
1526
1531
1570
1573
1611
1613
1627
1639
1669
1697
1700
1703
1705
1707
1709
1711
1713
1715
1729
1731
1733
1735
1739
1745
1769
1798
1804
1813
1837
1838
1839
1840
1841
1891
1930
1952
1959
1965
1967
1991
2012
2022
2056
2108
2163
2179
2189
2199
2205
2207
2224
2246
2247
2248
2290
2292
2294
2306
2308
2310
2345
2346
2370
2402
2447
2449
2451
2453
2455
2468
2470
2478
2484
2486
2488
2490
2492
2494
2495
2496
2517
2518
2519
2525
2527
2529
2531
2540
2558
2560
2562
2564
2576
2584
2586
2590
2592
2594
2599
2619
2633
2641
2643
2661
2663
2665
2676
2686
2688
2690
2693
2695
2697
2698
2700
2709
2713
2715
2716
2717
2719
2721
2723
2725
2727
2729
2731
2733
2735
2737
2739
2740
2741
2751
2752
2753
2754
2801
2814
2853
2862
2868
2874
2877
2880
2883
2886
2889
2892
2893
2894
2896
2898
2900
2902
2903
2931
2961
3018
3050
3073
3098
3100
3101
3102
3148
3149
3150
3152
3154
3156
3158
3160
3169
3170
3171
3173
3268
3287
3333
3476
3663
3771
3772
3913
4014
4126
4376
4437
4687
4752
4820
4941
5191
5222
5224
5262
5301
5405
5551
5665
5724
5914
6164
6191
6257
6332
6395
6544
6781
6783
6784
6794
6815
6837
6840
6841
6843
6869
6888
6896
6898
6900
6902
6904
6907
6908
6915
6916
6922
6923
6948
6950
7020
7075
7076
7077
7143
7196
7446
7457
7516
7766
7913
8046
8163
8177
8279
8347
8397
8444
8497
8617
8647
8649
8650
8672
8674
8685
8702
8705
8730
8733
8752
9000
9118
9368
9378
9379
9423
9467
9523
9570
9571
9629
9723
9842
9876
9931
10002
10110
10230
10306
10347
10349
10350
10351
10352
10353
10354
10426
10466
10541
10558
10565
10639
10736
10867
10869
10870
10871
10872
10873
10906
10943
10970
11006
11007
11008
11009
11010
11011
11012
11094
11190
11294
11378
11533
11783
11961
11962
12192
12398
12535
12696
12727
12728
12847
12964
13079
13329
13351
13431
13516
13575
13662
13663
13664
13738
13799
13825
13973
14044
14045
14092
14187
14294
14476
14584
14664
14855
14914
14986
15027
15073
15105
15151
15324
15325
15401
15449
15484
15610
15681
15752
15823
15892
15987
16072
16078
16209
16334
16430
16513
16535
16648
16650
16654
16658
16660
16662
16664
16666
16707
16709
16711
16713
16715
16717
16719
16721
16723
16725
16727
16753
16783
16815
16871
16979
16999
17019
17033
17040
17063
17064
17091
17123
17180
17183
17185
17191
17247
17273
17297
17301
17317
17345
17375
17379
17443
17444
17515
17521
17524
17530
17533
17553
17585
17594
17597
17626
17709
17711
17713
17715
17717
17719
17723
17725
17727
17729
17731
17735
17737
17739
17741
17743
17747
17749
17751
17753
17755
17759
17761
17763
17765
17861
17876
17991
18039
18081
18082
18111
18126
18176
18178
18180
18204
18319
18338
18409
18442
18448
18473
18537
18576
18612
18731
18901
18923
18947
18964
18966
18967
18968
18969
18970
18971
18981
19128
19231
19316
19335
19442
19531
19618
19779
19890
19896
19899
19916
20020
20065
20315
20483
20605
20686
20773
20842
21023
21162
21254
21307
21375
21434
21514
21573
21702
21711
21770
21830
21944
21972
21977
22007
22011
22019
22035
22060
22086
22102
22115
22117
22122
22157
22179
22181
22184
22194
22195
22196
22197
22198
22199
22200
22253
22483
22502
22504
22506
22508
22517
22529
22537
22566
22628
22668
22706
22723
22724
22747
22759
22789
22792
22812
22824
22843
22857
22871
22885
22899
22913
22941
22949
22959
22961
22962
23008
23039
23047
23049
23053
23056
23071
23074
23077
23080
23083
23086
23088
23090
23092
23321
23332
23475
23537
23608
23667
23762
23905
24030
24131
24184
24303
24434
24569
24615
24684
24725
24739
24751
24759
24769
24771
24808
24821
24822
24824
24826
24830
24832
24856
24858
24859
24860
24861
24862
24863
24864
24865
24888
24907
24908
24910
24926
24966
24968
24970
24988
25005
25006
25012
25021
25067
25093
25095
25105
25106
25115
25116
25138
25139
25143
25145
25147
25149
25175
25197
25199
25234
25236
25238
25271
25273
25303
25305
25307
25319
25320
25321
25323
25325
25327
25333
25335
25355
25357
25359
25373
25397
25419
25420
25422
25430
25444
25446
25464
25466
25472
25474
25486
25488
25518
25528
25536
25537
25543
25552
25553
25559
25568
25569
25575
25584
25585
25591
25600
25607
25610
25674
25675
25676
25677
25764
25770
25773
25794
25819
25822
25825
25828
25851
25853
25855
25857
25902
25927
25930
25946
25972
26005
26011
26076
26120
26144
26222
26269
26280
26284
26289
26299
26300
26326
26340
26421
26424
26427
26443
26461
26475
26491
26509
26527
26545
26563
26576
26606
26628
26636
26651
26654
26706
26740
26774
26777
26820
26824
26844
26857
26926
26935
26953
26962
26988
27048
27095
27105
27107
27111
27113
27117
27121
27123
27127
27129
27133
27137
27139
27141
27143
27147
27149
27151
27153
27157
27159
27163
27165
27167
27171
27173
27177
27179
27183
27185
27187
27189
27191
27193
27197
27201
27203
27205
27208
27213
27221
27239
27241
27243
27245
27250
27298
27315
27381
27392
27433
27475
27511
27557
27651
27673
27757
27873
27980
28230
28301
28407
28619
28657
28678
28797
28892
28993
29124
29125
29126
29183
29243
29273
29321
29410
29496
29592
29659
29710
29711
29712
29767
29836
29861
29862
29863
29864
29865
29866
29867
29913
29993
30166
30406
30526
30669
30867
30919
30948
31043
31103
31124
31138
31170
31290
31332
31335
31388
31638
31649
31699
31728
31769
31809
31850
31891
31931
31971
31975
32163
32181
32289
32366
32444
32546
32667
32689
32939
32963
33004
33189
33439
33447