# keyframe format v1
fps 0
0
24
51
71
85
99
113
129
155
172
188
206
234
264
285
315
332
361
383
418
419
444
477
492
512
527
545
560
568
575
583
593
615
638
639
655
656
657
679
716
741
836
869
885
913
935
949
1001
1028
1080
1093
1095
1097
1099
1107
1137
1159
1181
1227
1230
1233
1236
1239
1279
1316
1330
1361
1416
1417
1418
1421
1422
1423
1425
1426
1427
1435
1474
1477
1515
1517
1531
1543
1573
1601
1604
1607
1609
1611
1613
1615
1617
1619
1633
1635
1637
1639
1643
1649
1673
1702
1708
1717
1741
1742
1743
1744
1745
1795
1834
1856
1863
1869
1871
1895
1916
1926
1960
2012
2067
2083
2093
2103
2109
2111
2128
2150
2151
2152
2194
2196
2198
2210
2212
2214
2249
2250
2274
2306
2351
2353
2355
2357
2359
2372
2374
2382
2388
2390
2392
2394
2396
2398
2399
2400
2421
2422
2423
2429
2431
2433
2435
2444
2462
2464
2466
2468
2474
2480
2488
2490
2494
2496
2498
2503
2523
2537
2545
2547
2565
2567
2569
2580
2590
2592
2594
2597
2599
2601
2602
2604
2613
2617
2619
2620
2621
2623
2625
2627
2629
2631
2633
2635
2637
2639
2641
2643
2644
2645
2655
2656
2657
2658
2705
2718
2757
2766
2772
2778
2781
2784
2787
2790
2793
2796
2797
2798
2800
2802
2804
2805
2806
2807
2835
2865
2922
2954
2977
3002
3003
3004
3005
3006
3052
3053
3054
3056
3058
3060
3062
3064
3074
3075
3077
3172
3191
3198
3237
3367
3450
3569
3702
3806
3997
4098
4211
4274
4483
4546
4796
4803
4920
4990
5190
5197
5199
5209
5235
5238
5261
5285
5309
5310
5514
5657
5686
5774
5797
5823
5848
5878
5928
5954
6011
6051
6069
6070
6102
6122
6158
6177
6217
6218
6242
6267
6321
6353
6369
6380
6398
6419
6485
6491
6494
6497
6511
6539
6541
6543
6545
6554
6576
6586
6618
6637
6649
6721
6744
6791
6838
6909
6992
7038
7085
7086
7087
7158
7288
7301
7374
7438
7570
7630
7633
7650
7677
7732
7853
7855
7890
7906
7914
7949
7974
7981
7989
7990
8025
8050
8065
8066
8137
8172
8175
8231
8233
8296
8345
8471
8640
8690
8731
8779
8800
8803
8813
8816
8821
8822
8823
8824
8825
8835
8837
8838
8839
8854
8855
8857
8862
8876
8894
8900
8909
8945
8969
8987
9016
9116
9338
9366
9471
9634
9802
9969
10097
10241
10371
10467
10469
10543
10610
10801
10857
10952
11014
11145
11228
11306
11441
11560
11667
11817
12067
12080
12235
12301
12360
12399
12426
12557
12616
12663
12798
12917
13001
13023
13095
13217
13382
13437
13523
13568
13693
13800
13919
14138
14331
14429
14650
14678
14802
14879
14954
15022
15067
15163
15270
15320
15488
15587
15724
15792
15914
15916
15937
16028
16184
16220
16315
16447
16515
16622
16737
16784
16873
16973
17103
17123
17222
17472
17497
17626
17711
17807
17934
18005
18071
18166
18233
18292
18355
18417
18476
18494
18683
18726
18754
18861
18908
19003
19122
19328
19372
19381
19482
19553
19622
19636
19743
19922
19998
20069
20129
20209
20292
20314
20339
20340
20386
20457
20487
20490
20512
20634
20749
20868
20904
20928
20952
20976
21000
21023
21038
21041
21101
21183
21198
21225
21255
21270
21285
21300
21315
21458
21565
21637
21673
21697
21802
21921
21969
22004
22008
22010
22026
22027
22073
22099
22152
22170
22173
22188
22194
22206
22215
22217
22326
22397
22445
22492
22493
22494
22519
22563
22609
22612
22624
22627
22630
22636
22639
22648
22651
22653
22655
22656
22657
22703
22762
23001
23003
23011
23015
23027
23039
23051
23060
23239
23298
23393
23469
23488
23547
23596
23597
23715
23774
23857
23964
24197
24214
24340
24409
24540
24750
24790
24814
24873
24977
24997
24998
25039
25051
25056
25058
25061
25066
25078
25084
25085
25119
25185
25238
25321
25372
25444
25509
25648
25739
25884
25996
26033
26094
26202
26218
26220
26228
26230
26232
26234
26236
26238
26240
26242
26248
26256
26260
26272
26274
26276
26282
26284
26288
26296
26308
26320
26328
26330
26332
26334
26342
26345
26500
26502
26504
26505
26506
26514
26528
26530
26531
26532
26533
26538
26542
26550
26559
26660
26743
26781
26814
26854
26949
27165
27254
27349
27456
27620
27678
27818
28033
28108
28227
28357
28477
28560
28631
28767
28795
28842
28913
28960
29007
29054
29101
29104
29157
29264
29266
29267
29331
29337
29407
29444
29515
29654
29761
29786
29929
30084
30134
30190
30333
30394
30495
30590
30690
30806
30832
30866
30872
30890
30904
30922
30925
30964
30966
30980
30982
30984
30986
30988
30990
30992
30994
30995
30996
30997
30998
31000
31008
31151
31175
31183
31184
31185
31186
31187
31194
31202
31294
31323
31325
31327
31339
31452
31653
31702
31703
31732
31773
31813
31854
31895
31935
31975
31979
32167
32185
32293
32370
32448
32550
32671
32693
32943
32967
32981
33008
33231
33448