# keyframe format v1
fps 0
0
24
146
336
448
538
661
694
744
757
759
761
763
771
801
823
845
891
894
897
900
903
943
979
994
1080
1081
1083
1084
1085
1086
1091
1099
1138
1141
1179
1181
1195
1207
1237
1265
1268
1271
1273
1275
1277
1279
1281
1283
1297
1299
1301
1303
1307
1313
1337
1366
1372
1381
1405
1406
1407
1408
1409
1459
1498
1520
1527
1533
1535
1559
1580
1590
1624
1676
1731
1747
1757
1767
1773
1775
1792
1814
1815
1816
1858
1860
1862
1874
1876
1878
1913
1914
1938
1970
2015
2017
2019
2021
2023
2036
2038
2046
2052
2054
2056
2058
2060
2062
2063
2064
2085
2086
2087
2093
2095
2097
2099
2108
2126
2128
2130
2132
2144
2152
2154
2158
2160
2162
2167
2187
2201
2209
2211
2229
2231
2233
2244
2254
2256
2258
2261
2263
2265
2266
2268
2277
2279
2280
2281
2283
2284
2285
2287
2289
2291
2293
2295
2297
2299
2301
2303
2305
2307
2308
2309
2319
2320
2321
2322
2369
2371
2382
2421
2430
2436
2442
2445
2448
2451
2454
2457
2460
2461
2462
2464
2466
2468
2469
2470
2471
2499
2529
2586
2618
2641
2666
2667
2668
2669
2670
2716
2717
2718
2720
2722
2724
2726
2728
2737
2738
2739
2741
2836
2855
2862
2902
2938
2939
2940
2945
2946
2947
2952
2954
2974
2997
3020
3021
3022
3053
3054
3076
3099
3129
3163
3197
3240
3263
3297
3324
3349
3376
3391
3405
3419
3434
3476
3514
3537
3563
3622
3672
3764
3913
4011
4136
4191
4224
4277
4337
4378
4417
4420
4428
4434
4452
4470
4485
4502
4512
4518
4520
4521
4523
4540
4560
4598
4615
4626
4667
4673
4676
4706
4714
4748
4818
4852
4871
4889
4906
4935
5000
5027
5168
5236
5354
5406
5498
5590
5691
5761
5762
5786
5927
6034
6136
6220
6284
6317
6347
6377
6410
6434
6500
6592
6726
6884
6961
7020
7079
7115
7205
7396
7514
7613
7817
7980
8067
8109
8198
8388
8514
8662
8736
8801
8851
9018
9053
9122
9248
9388
9537
9579
9580
9581
9638
9657
9774
9887
9910
9916
9934
9937
9940
9982
10058
10137
10216
10387
10482
10557
10602
10698
10799
10841
10882
10922
11026
11202
11317
11350
11458
11563
11686
11837
11965
12109
12219
12296
12407
12488
12619
12673
12733
12735
12737
12739
12741
12743
12747
12749
12751
12753
12754
12778
12799
12803
12805
12809
12813
12815
12817
12827
12839
12841
12845
12847
12926
12928
12930
12932
12934
12936
12985
13009
13011
13013
13015
13017
13019
13088
13099
13101
13103
13105
13107
13109
13113
13114
13116
13118
13120
13122
13149
13150
13151
13169
13170
13193
13216
13250
13267
13268
13269
13270
13272
13284
13286
13288
13290
13292
13294
13302
13304
13306
13308
13310
13312
13314
13320
13322
13324
13354
13356
13358
13360
13362
13366
13370
13372
13374
13375
13376
13377
13378
13379
13441
13519
13558
13595
13609
13623
13629
13690
13718
13719
13751
13772
13781
13784
13785
13786
13787
13788
13790
13792
13794
13796
13798
13800
13801
13802
13803
13820
13822
13824
13839
13842
13892
13924
13973
13974
14012
14065
14115
14149
14150
14151
14152
14153
14154
14162
14227
14286
14393
14537
14612
14684
14845
14952
15038
15154
15238
15307
15435
15488
15604
15810
16001
16065
16066
16091
16094
16124
16159
16273
16523
16536
16595
16672
16764
16844
16909
16942
16980
17049
17084
17171
17201
17239
17261
17280
17339
17371
17550
17615
17716
17785
17922
18161
18233
18344
18419
18509
18553
18723
18803
18828
18905
19003
19152
19244
19393
19430
19492
19536
19610
19685
19715
19775
19809
19858
19860
19862
19865
19896
19966
20099
20109
20128
20188
20235
20391
20427
20535
20610
20772
20826
20841
20936
20980
21028
21068
21125
21136
21195
21329
21455
21578
21634
21693
21729
21884
21932
21946
21952
22140
22254
22395
22541
22621
22657
22731
22860
22892
23135
23236
23421
23624
23671
23725
23772
23972
24076
24222
24357
24411
24413
24489
24565
24637
24862
24918
24969
24970
24971
25054
25260
25373
25510
25586
25604
25616
25618
25868
25951
26127
26270
26348
26415
26597
26665
26839
26959
27081
27129
27243
27331
27395
27514
27647
27799
27826
27954
28051
28131
28157
28201
28301
28387
28509
28658
28730
28847
28993
29112
29183
29254
29336
29447
29635
29682
29826
29924
30073
30123
30299
30517
30624
30779
30997
31029
31085
31142
31191
31290
31319
31332
31335
31441
31649
31691
31699
31728
31769
31809
31850
31891
31931
31971
31975
32134
32289
32366
32444
32546
32667
32689
32939
32963
32977
33004
33227
33448