# keyframe format v1
fps 0
0
24
42
55
56
58
60
62
64
66
71
85
117
119
133
137
139
141
143
151
153
155
157
158
173
177
181
183
202
215
256
266
271
273
281
284
297
299
302
314
316
318
320
324
330
332
364
420
460
511
547
558
564
567
579
631
685
705
721
737
795
828
861
944
998
1001
1004
1007
1048
1128
1199
1318
1437
1496
1555
1650
1697
1744
1815
1874
1921
2040
2111
2128
2144
2216
2281
2310
2357
2416
2465
2560
2619
2702
2749
2809
2854
2867
2869
2871
2873
2881
2911
2933
2955
3001
3004
3007
3010
3013
3053
3090
3104
3135
3190
3191
3192
3195
3196
3197
3199
3200
3201
3209
3248
3251
3289
3291
3305
3317
3347
3375
3378
3381
3383
3385
3387
3389
3391
3393
3407
3409
3411
3413
3417
3423
3447
3476
3482
3491
3515
3516
3517
3518
3519
3569
3608
3630
3637
3643
3645
3669
3690
3700
3734
3786
3841
3857
3867
3877
3883
3885
3902
3924
3925
3926
3968
3970
3972
3984
3986
3988
4023
4024
4048
4080
4125
4127
4129
4131
4133
4146
4148
4156
4162
4164
4166
4168
4170
4172
4173
4174
4195
4196
4197
4203
4205
4207
4209
4218
4236
4238
4240
4242
4248
4254
4262
4264
4268
4270
4272
4277
4297
4311
4319
4321
4339
4341
4343
4354
4364
4366
4368
4371
4373
4375
4376
4378
4387
4391
4393
4394
4395
4397
4399
4401
4403
4405
4407
4409
4411
4413
4415
4417
4418
4419
4429
4430
4431
4432
4479
4481
4492
4531
4540
4546
4552
4555
4558
4561
4564
4567
4570
4571
4572
4574
4576
4578
4579
4580
4581
4609
4639
4696
4728
4751
4759
4777
4778
4779
4780
4826
4827
4828
4830
4832
4834
4836
4838
4847
4848
4849
4851
4946
4965
4972
5011
5082
5153
5256
5321
5411
5496
5699
5842
5913
6044
6211
6438
6595
6710
6779
6826
6933
7013
7090
7161
7288
7300
7334
7354
7355
7411
7414
7445
7475
7504
7550
7591
7637
7752
7940
7941
7987
8058
8062
8068
8089
8146
8185
8253
8324
8431
8574
8647
8730
8837
8885
9075
9135
9158
9229
9311
9432
9503
9643
9708
9711
9726
9797
9940
10008
10127
10230
10371
10421
10586
10808
10838
10844
10987
11094
11142
11261
11310
11501
11566
11598
11761
11824
11902
11950
11998
12046
12099
12147
12265
12361
12420
12514
12586
12831
12890
12990
13097
13347
13408
13551
13718
13765
13795
13872
13967
14191
14217
14334
14372
14492
14550
14630
14708
14789
14836
14972
15055
15126
15323
15365
15556
15699
15719
15720
15767
15806
15807
15937
16008
16103
16353
16357
16499
16589
16716
16859
17015
17048
17109
17186
17395
17550
17639
17731
17735
17824
17869
18000
18198
18247
18322
18378
18381
18384
18387
18390
18396
18575
18665
18722
18851
18972
19022
19066
19093
19108
19155
19250
19251
19298
19310
19333
19493
19564
19635
19754
19825
19846
19908
19955
19990
20032
20067
20115
20211
20283
20337
20341
20389
20461
20556
20651
20726
20793
20934
21078
21184
21197
21293
21351
21410
21481
21672
21674
21675
21676
21677
21678
21679
21702
21703
21704
21705
21706
21707
21708
21779
21843
21926
21985
22110
22260
22272
22351
22470
22661
22693
22911
22930
22955
23002
23145
23184
23280
23345
23476
23535
23544
23570
23629
23676
23705
23716
23751
23790
23798
23825
23841
23865
23888
23959
24007
24042
24113
24172
24282
24377
24455
24526
24553
24582
24594
24642
24653
24712
24789
24836
24837
24884
24885
24886
24943
24961
25074
25176
25258
25308
25439
25558
25629
25872
26011
26122
26155
26242
26492
26500
26585
26587
26591
26651
26656
26657
26896
27032
27091
27144
27192
27442
27574
27790
27897
27936
28100
28171
28235
28318
28377
28460
28644
28716
28835
28882
29050
29283
29289
29330
29334
29389
29410
29414
29431
29502
29537
29596
29667
29762
29881
29977
30096
30168
30288
30383
30424
30567
30673
30686
30719
30743
30770
30890
30949
31032
31150
31294
31323
31336
31339
31400
31650
31653
31703
31732
31773
31813
31854
31895
31935
31975
31979
32167
32185
32293
32370
32448
32550
32671
32693
32943
32967
32981
33008
33231
33448