# keyframe format v1
fps 0
0
24
274
279
357
511
614
802
993
1052
1158
1408
1414
1578
1745
1880
1907
1931
1940
2190
2246
2294
2337
2478
2561
2791
2811
2829
2925
3061
3093
3213
3332
3403
3558
3634
3706
3766
3878
3997
4164
4256
4374
4457
4529
4639
4684
4729
4814
4816
4818
4938
5066
5167
5331
5437
5539
5629
5736
5864
5947
6066
6092
6116
6135
6137
6139
6141
6145
6147
6158
6161
6169
6195
6266
6349
6396
6454
6487
6489
6498
6515
6551
6584
6655
6738
6809
6880
6914
6973
7040
7076
7123
7174
7177
7220
7223
7276
7278
7281
7284
7287
7293
7296
7298
7486
7489
7492
7495
7552
7599
7663
7710
7711
7767
7770
7800
7835
7921
7922
7992
8168
8309
8350
8460
8519
8525
8528
8551
8600
8631
8714
8833
8868
8951
8952
8953
8958
8959
8960
8965
8967
8986
9045
9202
9308
9334
9369
9434
9470
9491
9551
9622
9717
9908
9967
9977
10000
10081
10169
10275
10276
10279
10327
10398
10499
10612
10862
10881
10933
10992
11063
11170
11171
11217
11288
11353
11359
11471
11524
11618
11774
11785
11929
11964
12214
12256
12442
12580
12685
12756
12757
12758
12797
12905
12916
12919
12963
13213
13220
13334
13472
13605
13630
13869
14024
14120
14179
14238
14399
14482
14588
14660
14723
14724
14725
14794
14827
14829
14858
14906
14977
14980
15022
15081
15200
15291
15452
15579
15632
15680
15782
15959
16132
16227
16314
16342
16496
16579
16722
16841
16972
17015
17129
17357
17446
17521
17583
17708
17815
18006
18141
18171
18198
18216
18278
18330
18509
18512
18569
18712
18874
19021
19056
19150
19271
19293
19335
19454
19525
19596
19667
19749
19817
19876
19935
20043
20116
20199
20303
20377
20429
20483
20539
20540
20541
20586
20609
20611
20613
20627
20629
20631
20646
20677
20760
20843
20962
21009
21033
21092
21173
21175
21180
21209
21211
21213
21214
21215
21317
21319
21320
21321
21340
21342
21343
21344
21345
21346
21388
21396
21458
21542
21589
21658
21686
21767
21848
21855
21857
21887
21959
21960
21961
22006
22022
22072
22192
22251
22358
22477
22653
22655
22656
22657
22658
22659
22660
22662
22666
22727
22797
22811
22815
22867
22962
22963
23009
23076
23082
23098
23135
23171
23179
23180
23182
23202
23211
23237
23260
23264
23272
23287
23319
23400
23462
23480
23511
23530
23542
23552
23578
23599
23638
23675
23676
23678
23680
23682
23686
23728
23730
23765
23964
23971
24128
24146
24148
24150
24154
24158
24162
24166
24168
24204
24220
24236
24246
24250
24252
24257
24326
24409
24410
24440
24444
24446
24474
24480
24482
24494
24496
24510
24540
24557
24616
24624
24626
24628
24630
24632
24638
24639
24646
24647
24657
24658
24698
24781
24828
24869
24961
24963
24979
24985
25105
25174
25245
25316
25423
25488
25560
25628
25630
25632
25634
25642
25712
25771
25854
25864
25907
25978
26046
26105
26162
26168
26177
26186
26195
26203
26247
26249
26340
26387
26434
26577
26661
26673
26709
26765
26907
26978
27145
27165
27181
27193
27205
27227
27231
27240
27373
27418
27419
27420
27421
27422
27623
27646
27736
27879
28010
28105
28207
28248
28283
28498
28581
28772
28930
28932
28933
28934
28935
28936
28937
28938
28939
28940
29035
29129
29235
29426
29557
29688
29808
29914
30008
30160
30165
30248
30307
30354
30373
30389
30436
30555
30740
30851
30884
30991
31086
31336
31515
31634
31693
31776
31919
32049
32229
32308
32392
32490
32662
32713
32841
32912
32959
33058
33164
33414
33566
33710