# keyframe format v1
fps 0
0
24
200
421
528
683
901
933
989
1061
1171
1242
1395
1538
1590
1671
1799
1877
1884
1956
1991
2107
2250
2369
2440
2516
2518
2519
2520
2522
2525
2690
2696
2700
2703
2705
2706
2707
2709
2844
3039
3092
3110
3139
3163
3193
3215
3238
3266
3317
3347
3364
3400
3401
3402
3403
3525
3538
3540
3542
3544
3546
3552
3582
3604
3614
3626
3672
3675
3678
3681
3684
3724
3738
3760
3861
3862
3863
3864
3865
3866
3867
3868
3869
3870
3871
3872
3880
3916
3922
3958
3960
3962
3976
3988
3990
4018
4046
4049
4052
4054
4056
4058
4060
4062
4064
4074
4076
4078
4080
4082
4084
4086
4088
4094
4097
4118
4147
4153
4155
4162
4163
4164
4186
4187
4188
4189
4190
4197
4240
4279
4301
4308
4314
4316
4337
4340
4361
4371
4372
4405
4457
4512
4525
4528
4538
4544
4546
4548
4552
4554
4556
4573
4595
4596
4597
4639
4641
4643
4655
4657
4659
4694
4695
4696
4719
4751
4796
4798
4800
4802
4804
4817
4819
4821
4827
4829
4831
4833
4835
4837
4839
4841
4843
4844
4845
4866
4867
4868
4874
4876
4878
4880
4882
4889
4893
4907
4909
4911
4913
4917
4923
4925
4933
4934
4935
4939
4940
4941
4942
4943
4946
4948
4968
4982
4990
4992
5010
5012
5014
5015
5016
5025
5028
5030
5035
5037
5039
5042
5044
5046
5047
5049
5051
5058
5060
5061
5062
5064
5065
5066
5068
5069
5070
5072
5074
5076
5078
5080
5082
5084
5086
5088
5089
5090
5100
5101
5102
5103
5150
5152
5163
5202
5204
5206
5211
5214
5217
5223
5226
5229
5232
5235
5238
5241
5242
5243
5245
5247
5249
5250
5251
5252
5280
5310
5367
5399
5422
5448
5449
5450
5451
5497
5498
5499
5501
5503
5505
5507
5509
5511
5513
5515
5517
5518
5519
5520
5522
5530
5617
5636
5683
5778
5902
5999
6038
6201
6347
6391
6534
6732
6851
6910
6911
6913
6915
6917
6919
6920
6921
6922
6955
6995
7016
7043
7051
7078
7087
7088
7141
7209
7368
7443
7562
7678
7770
7869
7870
7915
7921
7930
7947
7986
8047
8095
8121
8135
8144
8145
8146
8258
8330
8344
8355
8357
8359
8398
8417
8418
8419
8420
8536
8593
8596
8604
8651
8698
8725
8758
8778
8789
8790
8791
8792
8793
8794
8795
8815
8825
8826
8827
8828
8829
8830
8831
8842
8849
8858
8859
8860
8861
8862
8863
8864
8865
8866
8883
8892
8893
8894
8895
8899
8901
8912
8915
8916
8917
8918
8919
8927
8996
9031
9059
9060
9061
9077
9097
9177
9202
9285
9302
9303
9355
9358
9364
9367
9373
9467
9526
9529
9532
9555
9671
9692
9697
9699
9704
9713
9803
9850
9884
9894
9933
9934
9935
9992
10087
10192
10245
10392
10401
10454
10506
10756
10793
10912
10986
11105
11106
11132
11152
11181
11183
11185
11236
11242
11244
11246
11247
11248
11293
11299
11301
11304
11307
11343
11345
11378
11379
11380
11381
11384
11385
11386
11387
11390
11462
11635
11760
11761
11762
11885
11994
12064
12135
12256
12448
12634
12706
12849
13037
13093
13188
13242
13248
13251
13257
13316
13464
13566
13583
13642
13726
13809
13952
14095
14298
14548
14679
14846
15077
15148
15395
15491
15574
15729
15824
15967
16134
16217
16301
16421
16475
16481
16558
16560
16731
16888
16981
16983
17078
17174
17179
17274
17316
17429
17467
17694
17717
17725
17967
18105
18248
18319
18403
18474
18500
18539
18588
18660
18662
18664
18671
18672
18673
18674
18675
18676
18677
18678
18679
18680
18681
18684
18685
18686
18687
18688
18689
18699
18711
18712
18714
18716
18718
18720
18722
18724
18726
18728
18750
18758
18764
18770
18772
18774
18776
18778
18780
18782
18784
18785
18786
18787
18788
18807
18809
18828
18829
18830
18831
18832
18879
18938
18971
18974
18999
19003
19005
19015
19036
19042
19043
19044
19045
19063
19150
19151
19152
19178
19190
19202
19212
19214
19216
19217
19256
19327
19368
19371
19373
19375
19377
19378
19379
19380
19383
19389
19418
19461
19532
19534
19537
19540
19575
19576
19577
19611
19670
19915
20138
20245
20278
20290
20340
20347
20349
20357
20365
20387
20395
20407
20416
20417
20418
20463
20485
20486
20487
20488
20494
20497
20500
20503
20506
20509
20512
20515
20518
20521
20524
20527
20530
20533
20536
20539
20542
20545
20548
20551
20556
20559
20562
20564
20566
20568
20600
20601
20660
20695
20742
20774
20875
20896
20908
20917
20920
20929
20941
20945
20947
20950
20964
20970
20972
20976
20979
20982
20983
20985
20987
20991
20995
20999
21001
21005
21024
21044
21047
21049
21051
21053
21055
21057
21059
21061
21063
21064
21065
21066
21067
21068
21069
21158
21160
21174
21176
21177
21178
21180
21182
21248
21287
21326
21448
21562
21606
21609
21621
21633
21643
21645
21647
21649
21684
21792
21809
21928
22114
22364
22423
22558
22574
22575
22576
22577
22606
22607
22653
22655
22657
22659
22663
22667
22669
22672
22673
22677
22681
22687
22689
22693
22695
22699
22712
22745
22773
22791
22814
22815
22835
22836
22837
22895
22932
22933
22979
23016
23111
23148
23187
23207
23258
23288
23290
23292
23296
23298
23314
23394
23400
23424
23442
23448
23466
23478
23484
23490
23498
23537
23562
23578
23590
23593
23594
23596
23597
23598
23599
23630
23632
23634
23635
23636
23638
23640
23642
23644
23646
23648
23650
23673
23674
23675
23676
23677
23678
23679
23691
23756
23758
23812
23816
23834
23879
23898
23904
23907
23910
23913
23916
23948
23957
23968
23995
24004
24005
24011
24028
24120
24203
24204
24205
24206
24210
24213
24226
24228
24229
24232
24236
24242
24246
24248
24254
24257
24260
24263
24266
24272
24278
24281
24284
24287
24290
24296
24299
24302
24308
24319
24350
24377
24389
24390
24392
24394
24396
24398
24400
24402
24404
24406
24408
24414
24436
24438
24440
24442
24444
24450
24456
24462
24464
24466
24482
24486
24488
24490
24492
24501
24504
24513
24515
24517
24518
24520
24523
24524
24525
24526
24527
24528
24529
24569
24605
24712
24714
24715
24716
24717
24718
24719
24757
24796
24797
24820
24838
24890
24919
24923
24957
24959
24961
24991
24993
24995
24997
24999
25026
25028
25029
25030
25031
25032
25033
25058
25082
25094
25130
25171
25173
25175
25176
25177
25178
25179
25180
25181
25182
25183
25198
25219
25234
25240
25242
25244
25246
25248
25252
25254
25256
25258
25260
25262
25266
25268
25269
25340
25345
25357
25359
25371
25379
25385
25394
25426
25432
25440
25444
25446
25448
25450
25452
25454
25456
25458
25460
25462
25465
25468
25471
25474
25477
25480
25483
25486
25489
25492
25495
25501
25504
25508
25511
25513
25515
25517
25519
25521
25523
25527
25529
25531
25533
25535
25537
25539
25541
25543
25545
25546
25548
25550
25552
25554
25556
25558
25560
25562
25565
25568
25570
25572
25574
25576
25579
25582
25585
25588
25590
25609
25611
25613
25615
25618
25621
25624
25627
25630
25632
25638
25639
25640
25642
25646
25651
25654
25657
25660
25663
25689
25690
25691
25741
25796
25797
25799
25801
25803
25805
25807
25809
25811
25813
25815
25817
25819
25821
25823
25825
25827
25829
25831
25833
25835
25837
25839
25841
25843
25845
25847
25849
25851
25853
25855
25857
25859
25861
25863
25865
25867
25869
25871
25873
25875
25877
25879
25881
25883
25885
25887
25889
25891
25893
25895
25897
25899
25901
25903
25905
25907
25909
25911
25913
25915
25917
25919
25921
25923
25925
25927
25929
25931
25933
25935
25937
25939
25943
25981
26063
26110
26178
26179
26180
26202
26203
26204
26205
26206
26271
26272
26274
26284
26296
26298
26302
26303
26349
26400
26572
26639
26737
26800
26943
27057
27107
27109
27137
27139
27141
27155
27157
27306
27363
27385
27400
27436
27438
27440
27442
27444
27446
27448
27450
27452
27454
27456
27458
27460
27462
27464
27466
27468
27470
27471
27474
27498
27524
27530
27531
27532
27637
27744
27887
27955
28026
28088
28132
28184
28185
28243
28479
28489
28504
28522
28534
28537
28608
28667
28738
28807
28822
28836
28892
28921
28969
28970
28971
29008
29011
29014
29020
29026
29032
29044
29124
29327
29577
29614
29714
29902
30009
30116
30124
30125
30126
30138
30235
30394
30439
30465
30680
30878
31052
31291
31292
31293
31294
31295
31296
31297
31298
31299
31302
31320
31321
31322
31323
31324
31330
31333
31336
31580
31650
31700
31729
31770
31810
31851
31892
31932
31970
31975
31976
31977
32135
32290
32367
32445
32547
32668
32680
32690
32940
32964
32978
33005
33228
33449